16/03/2023:13:40:09 094 [Main.java] [INFO] Main [Ln] - 1.0
16/03/2023:13:40:09 120 [Main.java] [INFO] Main [RESULT - Ln] - 0.0
16/03/2023:13:40:09 122 [Main.java] [INFO] Main [SQRT] - 25.0
16/03/2023:13:40:09 123 [Main.java] [INFO] Main [RESULT - SQRT] - 5.0
16/03/2023:13:40:09 124 [Main.java] [INFO] Main [SQRT] - 1.0
16/03/2023:13:40:09 124 [Main.java] [INFO] Main [RESULT - SQRT] - 1.0
16/03/2023:13:40:09 124 [Main.java] [INFO] Main [SQRT] - 0.0
16/03/2023:13:40:09 125 [Main.java] [INFO] Main [RESULT - SQRT] - 0.0
16/03/2023:13:40:09 126 [Main.java] [INFO] Main [SQRT] - 25.0
16/03/2023:13:40:09 126 [Main.java] [INFO] Main [RESULT - SQRT] - 5.0
16/03/2023:13:40:09 127 [Main.java] [INFO] Main [SQRT] - 1.0
16/03/2023:13:40:09 127 [Main.java] [INFO] Main [RESULT - SQRT] - 1.0
16/03/2023:13:40:09 127 [Main.java] [INFO] Main [SQRT] - 0.0
16/03/2023:13:40:09 127 [Main.java] [INFO] Main [RESULT - SQRT] - 0.0
16/03/2023:13:40:09 128 [Main.java] [INFO] Main [FACT] - 8.0
16/03/2023:13:40:09 129 [Main.java] [INFO] Main [RESULT - FACT] - 40320.0
16/03/2023:13:40:09 129 [Main.java] [INFO] Main [FACT] - 3.0
16/03/2023:13:40:09 129 [Main.java] [INFO] Main [RESULT - FACT] - 6.0
16/03/2023:13:40:09 129 [Main.java] [INFO] Main [FACT] - 0.0
16/03/2023:13:40:09 130 [Main.java] [INFO] Main [RESULT - FACT] - 1.0
16/03/2023:13:40:09 137 [Main.java] [INFO] Main [POW] - 2.0 5.0
16/03/2023:13:40:09 138 [Main.java] [INFO] Main [RESULT - POW] - 32.0
16/03/2023:13:40:09 138 [Main.java] [INFO] Main [POW] - 9.0 0.0
16/03/2023:13:40:09 139 [Main.java] [INFO] Main [RESULT - POW] - 1.0
16/03/2023:13:40:09 139 [Main.java] [INFO] Main [POW] - 3.0 2.0
16/03/2023:13:40:09 139 [Main.java] [INFO] Main [RESULT - POW] - 9.0
16/03/2023:13:40:09 140 [Main.java] [INFO] Main [Ln] - 15.0
16/03/2023:13:40:09 140 [Main.java] [INFO] Main [RESULT - Ln] - 2.70805020110221
16/03/2023:13:40:09 141 [Main.java] [INFO] Main [Ln] - 29.0
16/03/2023:13:40:09 141 [Main.java] [INFO] Main [RESULT - Ln] - 3.367295829986474
16/03/2023:13:40:09 141 [Main.java] [INFO] Main [Ln] - 1.0
16/03/2023:13:40:09 142 [Main.java] [INFO] Main [RESULT - Ln] - 0.0
16/03/2023:13:40:09 142 [Main.java] [INFO] Main [FACT] - 6.0
16/03/2023:13:40:09 143 [Main.java] [INFO] Main [RESULT - FACT] - 720.0
16/03/2023:13:40:09 143 [Main.java] [INFO] Main [FACT] - 5.0
16/03/2023:13:40:09 143 [Main.java] [INFO] Main [RESULT - FACT] - 120.0
16/03/2023:13:40:09 143 [Main.java] [INFO] Main [FACT] - 0.0
16/03/2023:13:40:09 144 [Main.java] [INFO] Main [RESULT - FACT] - 1.0
16/03/2023:13:40:09 144 [Main.java] [INFO] Main [POW] - 2.0 5.0
16/03/2023:13:40:09 145 [Main.java] [INFO] Main [RESULT - POW] - 32.0
16/03/2023:13:40:09 145 [Main.java] [INFO] Main [POW] - 9.0 0.0
16/03/2023:13:40:09 145 [Main.java] [INFO] Main [RESULT - POW] - 1.0
16/03/2023:13:40:09 145 [Main.java] [INFO] Main [POW] - 3.0 2.0
16/03/2023:13:40:09 146 [Main.java] [INFO] Main [RESULT - POW] - 9.0
21/03/2023:11:43:55 051 [Main.java] [INFO] Main [Ln] - 1.0
21/03/2023:11:43:55 057 [Main.java] [INFO] Main [RESULT - Ln] - 0.0
21/03/2023:11:43:55 060 [Main.java] [INFO] Main [SQRT] - 25.0
21/03/2023:11:43:55 061 [Main.java] [INFO] Main [RESULT - SQRT] - 5.0
21/03/2023:11:43:55 062 [Main.java] [INFO] Main [SQRT] - 1.0
21/03/2023:11:43:55 062 [Main.java] [INFO] Main [RESULT - SQRT] - 1.0
21/03/2023:11:43:55 063 [Main.java] [INFO] Main [SQRT] - 0.0
21/03/2023:11:43:55 064 [Main.java] [INFO] Main [RESULT - SQRT] - 0.0
21/03/2023:11:43:55 065 [Main.java] [INFO] Main [SQRT] - 25.0
21/03/2023:11:43:55 066 [Main.java] [INFO] Main [RESULT - SQRT] - 5.0
21/03/2023:11:43:55 067 [Main.java] [INFO] Main [SQRT] - 1.0
21/03/2023:11:43:55 067 [Main.java] [INFO] Main [RESULT - SQRT] - 1.0
21/03/2023:11:43:55 068 [Main.java] [INFO] Main [SQRT] - 0.0
21/03/2023:11:43:55 068 [Main.java] [INFO] Main [RESULT - SQRT] - 0.0
21/03/2023:11:43:55 070 [Main.java] [INFO] Main [FACT] - 8.0
21/03/2023:11:43:55 070 [Main.java] [INFO] Main [RESULT - FACT] - 40320.0
21/03/2023:11:43:55 071 [Main.java] [INFO] Main [FACT] - 3.0
21/03/2023:11:43:55 071 [Main.java] [INFO] Main [RESULT - FACT] - 6.0
21/03/2023:11:43:55 072 [Main.java] [INFO] Main [FACT] - 0.0
21/03/2023:11:43:55 072 [Main.java] [INFO] Main [RESULT - FACT] - 1.0
21/03/2023:11:43:55 082 [Main.java] [INFO] Main [POW] - 2.0 5.0
21/03/2023:11:43:55 083 [Main.java] [INFO] Main [RESULT - POW] - 32.0
21/03/2023:11:43:55 083 [Main.java] [INFO] Main [POW] - 9.0 0.0
21/03/2023:11:43:55 084 [Main.java] [INFO] Main [RESULT - POW] - 1.0
21/03/2023:11:43:55 084 [Main.java] [INFO] Main [POW] - 3.0 2.0
21/03/2023:11:43:55 084 [Main.java] [INFO] Main [RESULT - POW] - 9.0
21/03/2023:11:43:55 085 [Main.java] [INFO] Main [Ln] - 15.0
21/03/2023:11:43:55 086 [Main.java] [INFO] Main [RESULT - Ln] - 2.70805020110221
21/03/2023:11:43:55 086 [Main.java] [INFO] Main [Ln] - 29.0
21/03/2023:11:43:55 087 [Main.java] [INFO] Main [RESULT - Ln] - 3.367295829986474
21/03/2023:11:43:55 087 [Main.java] [INFO] Main [Ln] - 1.0
21/03/2023:11:43:55 087 [Main.java] [INFO] Main [RESULT - Ln] - 0.0
21/03/2023:11:43:55 089 [Main.java] [INFO] Main [FACT] - 6.0
21/03/2023:11:43:55 089 [Main.java] [INFO] Main [RESULT - FACT] - 720.0
21/03/2023:11:43:55 090 [Main.java] [INFO] Main [FACT] - 5.0
21/03/2023:11:43:55 090 [Main.java] [INFO] Main [RESULT - FACT] - 120.0
21/03/2023:11:43:55 091 [Main.java] [INFO] Main [FACT] - 0.0
21/03/2023:11:43:55 091 [Main.java] [INFO] Main [RESULT - FACT] - 1.0
21/03/2023:11:43:55 092 [Main.java] [INFO] Main [POW] - 2.0 5.0
21/03/2023:11:43:55 093 [Main.java] [INFO] Main [RESULT - POW] - 32.0
21/03/2023:11:43:55 093 [Main.java] [INFO] Main [POW] - 9.0 0.0
21/03/2023:11:43:55 093 [Main.java] [INFO] Main [RESULT - POW] - 1.0
21/03/2023:11:43:55 094 [Main.java] [INFO] Main [POW] - 3.0 2.0
21/03/2023:11:43:55 094 [Main.java] [INFO] Main [RESULT - POW] - 9.0
